<?xml version="1.0" encoding="UTF-8"?>
<!-- Generated by org.testng.reporters.JUnitXMLReporter -->
<testsuite hostname="Sumit" name="Default test" tests="4" failures="0" timestamp="11 Sep 2020 06:09:29 GMT" time="14.178" errors="0">
  <testcase name="loginTest" time="2.136" classname="testScripts.loginPage.LoginTest"/>
  <testcase name="loginTest" time="0.002" classname="testScripts.loginPage.LoginTest">
    <skipped/>
  </testcase> <!-- loginTest -->
  <testcase name="loginTest" time="0.0" classname="testScripts.loginPage.LoginTest">
    <skipped/>
  </testcase> <!-- loginTest -->
  <testcase name="loginTest" time="0.0" classname="testScripts.loginPage.LoginTest">
    <skipped/>
  </testcase> <!-- loginTest -->
</testsuite> <!-- Default test -->
