<?xml version="1.0" encoding="UTF-8"?>
<!-- Generated by org.testng.reporters.JUnitXMLReporter -->
<testsuite hostname="Sumit" name="LoginTest" tests="4" failures="0" timestamp="18 Sep 2020 19:50:45 GMT" time="16.978" errors="0">
  <testcase name="loginTestWithCredentials" time="5.677" classname="testScripts.loginPage.LoginTest"/>
  <testcase name="loginTestWithCredentials" time="0.001" classname="testScripts.loginPage.LoginTest">
    <skipped/>
  </testcase> <!-- loginTestWithCredentials -->
  <testcase name="loginTestWithCredentials" time="0.001" classname="testScripts.loginPage.LoginTest">
    <skipped/>
  </testcase> <!-- loginTestWithCredentials -->
  <testcase name="loginTestWithCredentials" time="0.001" classname="testScripts.loginPage.LoginTest">
    <skipped/>
  </testcase> <!-- loginTestWithCredentials -->
</testsuite> <!-- LoginTest -->
