<?xml version="1.0" encoding="UTF-8"?>
<!-- Generated by org.testng.reporters.JUnitXMLReporter -->
<testsuite hostname="Sumit" name="LoginTest" tests="4" failures="0" timestamp="11 Sep 2020 19:51:14 GMT" time="16.058" errors="0">
  <testcase name="loginTestWithCredentials" time="4.829" classname="testScripts.loginPage.LoginTest"/>
  <testcase name="loginTestWithCredentials" time="0.001" classname="testScripts.loginPage.LoginTest">
    <skipped/>
  </testcase> <!-- loginTestWithCredentials -->
  <testcase name="loginTestWithCredentials" time="0.002" classname="testScripts.loginPage.LoginTest">
    <skipped/>
  </testcase> <!-- loginTestWithCredentials -->
  <testcase name="loginTestWithCredentials" time="0.002" classname="testScripts.loginPage.LoginTest">
    <skipped/>
  </testcase> <!-- loginTestWithCredentials -->
</testsuite> <!-- LoginTest -->
