<?xml version="1.0" encoding="UTF-8"?>
<!-- Generated by org.testng.reporters.JUnitXMLReporter -->
<testsuite hostname="Sumit" name="Test" tests="8" failures="4"
	timestamp="5 Sep 2020 18:37:52 GMT" time="0.864" errors="0">
	<testcase name="login" time="0.032" classname="testScripts.Test1" />
	<testcase name="login1" time="0.002" classname="testScripts.Test1">
		<failure type="java.lang.AssertionError" message="expected [true] but found [false]">
      <![CDATA[java.lang.AssertionError: expected [true] but found [false]
	at com.guru99demo.helper.assertions.AssertionHelper.fail(AssertionHelper.java:56)
	at testScripts.Test1.login1(Test1.java:16)
... Removed 28 stack frames]]>
		</failure>
	</testcase> <!-- login1 -->
	<testcase name="login2" time="0.004" classname="testScripts.Test1" />
	<testcase name="login3" time="0.001" classname="testScripts.Test1">
		<failure type="java.lang.AssertionError" message="expected [true] but found [false]">
      <![CDATA[java.lang.AssertionError: expected [true] but found [false]
	at com.guru99demo.helper.assertions.AssertionHelper.fail(AssertionHelper.java:56)
	at testScripts.Test1.login3(Test1.java:27)
... Removed 28 stack frames]]>
		</failure>
	</testcase> <!-- login3 -->
	<testcase name="login" time="0.001" classname="testScripts.Test2" />
	<testcase name="login4" time="0.002" classname="testScripts.Test2">
		<failure type="java.lang.AssertionError" message="expected [true] but found [false]">
      <![CDATA[java.lang.AssertionError: expected [true] but found [false]
	at com.guru99demo.helper.assertions.AssertionHelper.fail(AssertionHelper.java:56)
	at testScripts.Test2.login4(Test2.java:16)
... Removed 28 stack frames]]>
		</failure>
	</testcase> <!-- login4 -->
	<testcase name="login5" time="0.002" classname="testScripts.Test2" />
	<testcase name="login6" time="0.002" classname="testScripts.Test2">
		<failure type="java.lang.AssertionError" message="expected [true] but found [false]">
      <![CDATA[java.lang.AssertionError: expected [true] but found [false]
	at com.guru99demo.helper.assertions.AssertionHelper.fail(AssertionHelper.java:56)
	at testScripts.Test2.login6(Test2.java:27)
... Removed 28 stack frames]]>
		</failure>
	</testcase> <!-- login6 -->
</testsuite> <!-- Test -->
