<?xml version="1.0" encoding="UTF-8"?>
<testng-results skipped="0" failed="0" total="1" passed="1">
  <reporter-output>
  </reporter-output>
  <suite name="Suite" duration-ms="9853" started-at="2019-09-01T10:29:13Z" finished-at="2019-09-01T10:29:23Z">
    <groups>
    </groups>
    <test name="Test" duration-ms="9853" started-at="2019-09-01T10:29:13Z" finished-at="2019-09-01T10:29:23Z">
      <class name="com.guru99demo.testcases.LoginPageTest">
        <test-method status="PASS" signature="setup()[pri:0, instance:com.guru99demo.testcases.LoginPageTest@685cb137]" name="setup" is-config="true" duration-ms="8655" started-at="2019-09-01T15:59:13Z" finished-at="2019-09-01T15:59:22Z">
          <reporter-output>
          </reporter-output>
        </test-method> <!-- setup -->
        <test-method status="PASS" signature="loginPageTitleTest()[pri:1, instance:com.guru99demo.testcases.LoginPageTest@685cb137]" name="loginPageTitleTest" duration-ms="18" started-at="2019-09-01T15:59:22Z" finished-at="2019-09-01T15:59:22Z">
          <reporter-output>
          </reporter-output>
        </test-method> <!-- loginPageTitleTest -->
        <test-method status="PASS" signature="tearDown()[pri:0, instance:com.guru99demo.testcases.LoginPageTest@685cb137]" name="tearDown" is-config="true" duration-ms="1160" started-at="2019-09-01T15:59:22Z" finished-at="2019-09-01T15:59:23Z">
          <reporter-output>
          </reporter-output>
        </test-method> <!-- tearDown -->
      </class> <!-- com.guru99demo.testcases.LoginPageTest -->
    </test> <!-- Test -->
  </suite> <!-- Suite -->
</testng-results>
